{
  "stats": {
    "suites": 21,
    "tests": 24,
    "passes": 24,
    "pending": 0,
    "failures": 0,
    "start": "2020-05-09T11:13:07.395Z",
    "end": "2020-05-09T11:15:17.385Z",
    "duration": 129990
  },
  "results": [
    {
      "uuid": "74aea8c3-5418-59de-9106-86578f501f9e",
      "title": "SelfDestruct",
      "file": "/test/selfdestruct.js",
      "tests": [
        {
          "uuid": "cde6d58f-ff94-598f-af0a-bc7939fceb10",
          "description": "should destroy the contract and refund the sender",
          "web3": {
            "summaries": [
              {
                "blockNumber": 43,
                "blockHash": "0x86721a67a9a51367e919ab5a976f57b58f1d4bf22e591208c5a6428d3d182489",
                "txHash": "0x91bd73578c2cec18128a4810883015e6874a5e3b9cf1a43f74d45f8fe3c5fc9a",
                "txStatus": true
              }
            ]
          }
        },
        {
          "uuid": "97e70043-aed7-5fcb-b63d-ac2687f246cd",
          "description": "should destroy and refund self (which triggers the destroy of ether)",
          "web3": {
            "summaries": [
              {
                "blockNumber": 45,
                "blockHash": "0x87e4cee3a24ef266199181e3ee80650bb00d57d02ee2efe9e8946d1f3b1ac1c2",
                "txHash": "0xec41312c0d4276d3f6385f96de15d166d5779fcc0ce3c27f7a12775abb9eca78",
                "txStatus": true
              }
            ]
          }
        }
      ]
    },
    {
      "uuid": "24c0375b-f98e-5bc3-90e1-cf4369d7a36d",
      "title": "SelfDestructDelegatingCalls",
      "file": "/test/selfdestruct.js",
      "tests": [
        {
          "uuid": "692ac088-5d58-5102-b381-4ed325047ec1",
          "description": "should send ether to contract after self referencing destroy",
          "web3": {
            "summaries": [
              {
                "blockNumber": 50,
                "blockHash": "0x4e8bf39ca6da904e11287b36083070df31f75eab0e6b2b48d8658365a6e8576f",
                "txHash": "0x33a4cbbac3f55e8ef29ad3705a3c2e1031f201d333efb82d22862ba9e51da49d",
                "txStatus": true
              }
            ]
          }
        },
        {
          "uuid": "60784b63-3d8c-5dca-b116-273e6f77f8e8",
          "description": "should produce a cascading destroy and refund sender",
          "web3": {
            "summaries": [
              {
                "blockNumber": 53,
                "blockHash": "0xf57201334392d1bf6db3ca3939fea60e4ff75c64f39239ea9bb42a585cb9e57d",
                "txHash": "0xa62e2c87fe4c2f36e96d3d3ab5157596e86c23e1447704dd2d28c3b5ef54b05e",
                "txStatus": true
              }
            ]
          }
        },
        {
          "uuid": "3e8a19b0-c9f5-5bea-a6f2-0109897ae49e",
          "description": "should create self destroying contracts and self destruct itself",
          "web3": {
            "summaries": [
              {
                "blockNumber": 57,
                "blockHash": "0xa6ace4c1c0f6e460e623a3438f7c3787c23339c0c403390b99bea457c9209feb",
                "txHash": "0xc0d183d75b4fa063c4f34e20808390a080061d4f4ce1799780c8f8b879173d60",
                "txStatus": true
              }
            ]
          }
        }
      ]
    },
    {
      "uuid": "2637472b-72d6-5494-99a6-fd795dced340",
      "title": "NonERC165",
      "file": "/test/tokens/erc165.js",
      "tests": [
        {
          "uuid": "f8e45104-6203-5a40-b449-107235315f8b",
          "description": "should deploy the contract",
          "web3": {
            "summaries": [
              {
                "blockNumber": 64,
                "blockHash": "0x38691213d762325d687b52491c51052fd852040f2ebe71b1e2e9c22148b4d183",
                "txHash": "0xf8e9585f9c2419bfe682f645aa99a572d9ddcf6b11334cb39c07d15fa47f801b",
                "txStatus": true
              }
            ]
          }
        }
      ]
    },
    {
      "uuid": "8ab8e421-4b5e-5f1b-8a13-e2cc4ae35f1d",
      "title": "ERC165Contract",
      "file": "/test/tokens/erc165.js",
      "tests": [
        {
          "uuid": "f8e45104-6203-5a40-b449-107235315f8b",
          "description": "should deploy the contract",
          "web3": {
            "summaries": [
              {
                "blockNumber": 69,
                "blockHash": "0x5dce87937afb306fc3b7fd1c7798f89d28755b47adb13c17d239edb5184da0b9",
                "txHash": "0x2d53f9738506b2a09150d2de2265cf95064d283322b735b50199e38278227666",
                "txStatus": true
              }
            ]
          }
        }
      ]
    },
    {
      "uuid": "6ee45f8d-4cae-54df-87aa-f23e843cc83e",
      "title": "InvalidERC20",
      "file": "/test/tokens/erc20.js",
      "tests": [
        {
          "uuid": "f8e45104-6203-5a40-b449-107235315f8b",
          "description": "should deploy the contract",
          "web3": {
            "summaries": [
              {
                "blockNumber": 75,
                "blockHash": "0x230187d997b843848daba46de6b9cb44e2723e72adf932a0f0e93b43c9c6164d",
                "txHash": "0x76d4d77e039709a8999f7e7eb5b7a484235b22e48414d3dc24a7e541aa2805d3",
                "txStatus": true
              }
            ]
          }
        }
      ]
    },
    {
      "uuid": "4558f839-5d98-524c-b59e-e1a67b7f87aa",
      "title": "MinimalERC20",
      "file": "/test/tokens/erc20.js",
      "tests": [
        {
          "uuid": "f8e45104-6203-5a40-b449-107235315f8b",
          "description": "should deploy the contract",
          "web3": {
            "summaries": [
              {
                "blockNumber": 80,
                "blockHash": "0x48eafdfb6ccb9978e0ccb373161d0d584c080fcf7eba10eb2eed64b96e0df6b6",
                "txHash": "0x6b3d7c4d07313d70942d135479cbfe4b33b3e5e08bf77b1ce45f1cd12f8c71ef",
                "txStatus": true
              }
            ]
          }
        }
      ]
    },
    {
      "uuid": "48e2eb3d-5892-5b7e-87b3-5517efcc5bd0",
      "title": "DetailedERC20",
      "file": "/test/tokens/erc20.js",
      "tests": [
        {
          "uuid": "f8e45104-6203-5a40-b449-107235315f8b",
          "description": "should deploy the contract",
          "web3": {
            "summaries": [
              {
                "blockNumber": 87,
                "blockHash": "0x860e4d77ff0c7f47a569a9e549f04bb45761b52154e880cfd49dada72c775c42",
                "txHash": "0x72f69236447749e2a12d8dc54425470e3a8cb0a6212225ced81795a04ef63af8",
                "txStatus": true
              }
            ]
          }
        }
      ]
    },
    {
      "uuid": "35823cde-7dc5-58f1-811d-227f154c7ea5",
      "title": "WeirdNameCharsERC20",
      "file": "/test/tokens/erc20.js",
      "tests": [
        {
          "uuid": "f8e45104-6203-5a40-b449-107235315f8b",
          "description": "should deploy the contract",
          "web3": {
            "summaries": [
              {
                "blockNumber": 93,
                "blockHash": "0xf271dd78221a77562807ca04b23e6b41dc87e572ad9c58d9524e40094aa57896",
                "txHash": "0x9a7a61ef2bed2065992b6ae9065282892f472b65d13770433c03d2ad1f1d4c09",
                "txStatus": true
              }
            ]
          }
        }
      ]
    },
    {
      "uuid": "acd1e250-fec0-5747-a497-f6ae34458a5f",
      "title": "CappedERC20",
      "file": "/test/tokens/erc20.js",
      "tests": [
        {
          "uuid": "f8e45104-6203-5a40-b449-107235315f8b",
          "description": "should deploy the contract",
          "web3": {
            "summaries": [
              {
                "blockNumber": 99,
                "blockHash": "0x167d93624a3622a270fd53b2443909fd3f43b8fd6e66a394838c7a9de2c8bdbb",
                "txHash": "0x0fcfbd1cca441396dcee2de62dc9d7d015dc6e44fecc37069fb890be50966ec9",
                "txStatus": true
              }
            ]
          }
        }
      ]
    },
    {
      "uuid": "4703718e-7b2a-5e8f-8818-2733dadcf186",
      "title": "MinimalERC721",
      "file": "/test/tokens/erc721.js",
      "tests": [
        {
          "uuid": "f8e45104-6203-5a40-b449-107235315f8b",
          "description": "should deploy the contract",
          "web3": {
            "summaries": [
              {
                "blockNumber": 104,
                "blockHash": "0x07117903f6e131cfd534a8b45998fa3791765ae11b184409d6af1a7296ae6b56",
                "txHash": "0xea20b514f290372c36a8c086b11e74d95a9a6a200b03091a10fb79646dfcc8ca",
                "txStatus": true
              }
            ]
          }
        }
      ]
    },
    {
      "uuid": "6249474c-6051-5461-a703-8c695a7523c5",
      "title": "FullERC721",
      "file": "/test/tokens/erc721.js",
      "tests": [
        {
          "uuid": "f8e45104-6203-5a40-b449-107235315f8b",
          "description": "should deploy the contract",
          "web3": {
            "summaries": [
              {
                "blockNumber": 109,
                "blockHash": "0x7db4d4d01276c77464e6bd15cf0c0bc4dc6784bb2bdd6a1f1b293792ad18e9a6",
                "txHash": "0xbe80fb9de1a0629ac6cea4c23375cf25421464044fff8ffc435d65d92c1f35ef",
                "txStatus": true
              }
            ]
          }
        }
      ]
    },
    {
      "uuid": "6688afaa-feda-57e0-a4af-371a140c0415",
      "title": "WeirdNameCharsERC721",
      "file": "/test/tokens/erc721.js",
      "tests": [
        {
          "uuid": "f8e45104-6203-5a40-b449-107235315f8b",
          "description": "should deploy the contract",
          "web3": {
            "summaries": [
              {
                "blockNumber": 116,
                "blockHash": "0xd25cdd37785c94de11d620f8485e023c2f7fa98832f576f908a1098b580b061e",
                "txHash": "0x910655af084fbc838e5d5c4cefa730f788b4211ab61df90af2a93d7cbe67281c",
                "txStatus": true
              }
            ]
          }
        }
      ]
    },
    {
      "uuid": "7e285ef6-baa2-5c5a-bcaa-6633c9305192",
      "title": "InvalidERC721",
      "file": "/test/tokens/erc721.js",
      "tests": [
        {
          "uuid": "f8e45104-6203-5a40-b449-107235315f8b",
          "description": "should deploy the contract",
          "web3": {
            "summaries": [
              {
                "blockNumber": 122,
                "blockHash": "0xcff87fc2b108b2cd0ade80808c2887cdb4642ed8cd83be706b327e489c2e6705",
                "txHash": "0x5cc16ca27d10fb895781cb664c5d73e7e62e0da380631993b874c560a1dfdbd4",
                "txStatus": true
              }
            ]
          }
        }
      ]
    },
    {
      "uuid": "368d0916-0017-5ffa-aebc-59264ac3405c",
      "title": "MetadataERC721",
      "file": "/test/tokens/erc721.js",
      "tests": [
        {
          "uuid": "f8e45104-6203-5a40-b449-107235315f8b",
          "description": "should deploy the contract",
          "web3": {
            "summaries": [
              {
                "blockNumber": 127,
                "blockHash": "0xeeab362dec23af6e47cfc53ba938e59fd093d8e4b951c849e3c1556a4efadbaf",
                "txHash": "0xc8a9a5a4f5f3a0d4bf117cc8bdb5341a179587fe0b04f3a1fb07a8e23c8ee4f8",
                "txStatus": true
              }
            ]
          }
        }
      ]
    },
    {
      "uuid": "b2819d14-f269-523a-b134-cc5accd16fb0",
      "title": "InvalidERC777",
      "file": "/test/tokens/erc777.js",
      "tests": [
        {
          "uuid": "f8e45104-6203-5a40-b449-107235315f8b",
          "description": "should deploy the contract",
          "web3": {
            "summaries": [
              {
                "blockNumber": 132,
                "blockHash": "0x550437d497927a0a26f0cb01553c13e706c74df06f97e05d9413604075640730",
                "txHash": "0xe8e5d5b8e2efdf87c161b92ecebdf1484b61c28035c7e0fa5c7cdf5ff18d40f8",
                "txStatus": true
              }
            ]
          }
        }
      ]
    },
    {
      "uuid": "3499801e-6fb6-5a24-be97-33fa977b4cbe",
      "title": "MinimalERC777",
      "file": "/test/tokens/erc777.js",
      "tests": [
        {
          "uuid": "f8e45104-6203-5a40-b449-107235315f8b",
          "description": "should deploy the contract",
          "web3": {
            "summaries": [
              {
                "blockNumber": 136,
                "blockHash": "0xd4525e1e6408aaa15c59849dbdbfb7434a275e1edcdaa103f53a3c83cf938ff1",
                "txHash": "0xa47d73d15b58a512dc4c4fc4d1057625c32e007af984fb89d9b43bf97496b561",
                "txStatus": true
              }
            ]
          }
        }
      ]
    },
    {
      "uuid": "9978d93f-83ba-5785-aaae-d1397a6c2b98",
      "title": "ERC20Events",
      "file": "/test/tokens/tokenEvents.js",
      "tests": [
        {
          "uuid": "f8e45104-6203-5a40-b449-107235315f8b",
          "description": "should deploy the contract",
          "web3": {
            "summaries": [
              {
                "blockNumber": 142,
                "blockHash": "0x4aac229391a2875284ce148c72d8f8a03a7d79a3edad982cbba8f3ade55c9442",
                "txHash": "0xe8e32c06eab8c3a6bde1e077fd3451efed95bb2da85637ad3b9f302e9cb34a41",
                "txStatus": true
              }
            ]
          }
        }
      ]
    },
    {
      "uuid": "ef15699d-0f74-5a10-a8e0-75422f1659ed",
      "title": "ERC721Events",
      "file": "/test/tokens/tokenEvents.js",
      "tests": [
        {
          "uuid": "f8e45104-6203-5a40-b449-107235315f8b",
          "description": "should deploy the contract",
          "web3": {
            "summaries": [
              {
                "blockNumber": 149,
                "blockHash": "0xd34ef4f6a3b89b64e17524a088e4dd17a85a9373a76856d979f68fa79e2038b4",
                "txHash": "0x4c8d0900c37c9ded91fadf3091912f65c00ab2a66cec79671b43c0dfa56f23cc",
                "txStatus": true
              }
            ]
          }
        }
      ]
    },
    {
      "uuid": "1b08ea39-4960-58aa-81ac-315adb6cc5a9",
      "title": "ERC777Events",
      "file": "/test/tokens/tokenEvents.js",
      "tests": [
        {
          "uuid": "f8e45104-6203-5a40-b449-107235315f8b",
          "description": "should deploy the contract",
          "web3": {
            "summaries": [
              {
                "blockNumber": 155,
                "blockHash": "0xb62f17a219650c2a511804751108a02836c9c06e8ea5ecbf213c7f39ac5e2323",
                "txHash": "0x4144101ba5035514d69b607064970b6b8c514aa1541be9d318e25b1375d79069",
                "txStatus": true
              }
            ]
          }
        }
      ]
    },
    {
      "uuid": "87a58fd8-6ab3-527e-a09a-a1502a2c8459",
      "title": "ERC1155Events",
      "file": "/test/tokens/tokenEvents.js",
      "tests": [
        {
          "uuid": "f8e45104-6203-5a40-b449-107235315f8b",
          "description": "should deploy the contract",
          "web3": {
            "summaries": [
              {
                "blockNumber": 161,
                "blockHash": "0xf9b2be5aae45071aac2071ce6231ae458b0dd4e9dca0e076074e2dbee1d6b484",
                "txHash": "0x30fcae9bab5b807b790f41b764afe335616dfa1ebcf60b3e4872cc1007716133",
                "txStatus": true
              }
            ]
          }
        }
      ]
    },
    {
      "uuid": "287aa084-b22b-51a9-8d76-20174eb298d8",
      "title": "EtherTransfers",
      "file": "/test/transfers/ether-transfers.js",
      "tests": [
        {
          "uuid": "ee5dde3d-6c9f-5ee6-abce-b352503bfcd4",
          "description": "should transfer regular ether",
          "web3": {
            "summaries": [
              {
                "blockNumber": 165,
                "blockHash": "0x6ad25b4bbd2329ba69944071df45c9ab47808997252eef2257b87ef7eeb9e45f",
                "txHash": "0x16e284750e03f86803af6fec43a5917ad8945cf30eda564694546896cd97b7fd",
                "txStatus": true
              },
              {
                "blockNumber": 166,
                "blockHash": "0x9c463cd4f6141809d9aa73bec5f9b50020838657f319e878636c70a1b7bfee49",
                "txHash": "0x819b76578bf9b044f4577f4eb7e54d0daff49d322e4b177f3b47c72cbce1b024",
                "txStatus": true
              },
              {
                "blockNumber": 168,
                "blockHash": "0xecb678dc543a7f6adfc05d81d345e1f2c966b9327476196954d884c0dff0e14f",
                "txHash": "0xbab7e16f6cc8b3ebc74f4c878ca86ec70a7f3d6bb2f5f4b69f4a8ea02869e9d3",
                "txStatus": true
              },
              {
                "blockNumber": 169,
                "blockHash": "0xe78508fc4364898b4b7ee6c3da93d6b0f63fd91eb6334a7fab6028739fcf4f31",
                "txHash": "0x404bbe2e892481781cf9fbcfe343732fbe42ebf864b0e24f84120ca8da03369e",
                "txStatus": true
              },
              {
                "blockNumber": 170,
                "blockHash": "0x5691f82a7620ba3c14404c4eacefd9299e4c76734e13e79e2793e1945e10e981",
                "txHash": "0xa5762e561e112132e5d5807008350df92acdda86e20cd256ae42b2f47e828290",
                "txStatus": true
              }
            ]
          }
        }
      ]
    }
  ]
}